<?xml version="1.0" encoding="UTF-8"?>
<!-- Generated by org.testng.reporters.JUnitReportReporter -->
<testsuite hostname="LAPTOP-G1CNC1LI" failures="0" tests="1" name="com.crm.Product.CreateAndDeleteTest" time="24.684" errors="0" timestamp="2022-10-06T16:07:47 IST" skipped="0">
  <testcase classname="com.crm.Product.CreateAndDeleteTest" name="createAndDelete" time="24.684"/>
  <system-out/>
</testsuite> <!-- com.crm.Product.CreateAndDeleteTest -->
