<?xml version="1.0" encoding="UTF-8"?>
<!-- Generated by org.testng.reporters.JUnitReportReporter -->
<testsuite hostname="LAPTOP-G1CNC1LI" failures="0" tests="1" name="com.crm.Product.CreateProductTest" time="19.941" errors="0" timestamp="2022-10-07T12:42:03 IST" skipped="0">
  <testcase classname="com.crm.Product.CreateProductTest" name="createProduct" time="19.941"/>
  <system-out/>
</testsuite> <!-- com.crm.Product.CreateProductTest -->
