<?xml version="1.0" encoding="UTF-8"?>
<!-- Generated by org.testng.reporters.JUnitReportReporter -->
<testsuite hostname="LAPTOP-G1CNC1LI" failures="0" tests="1" name="com.crm.Campaign.CreateCampaignTest" time="21.286" errors="0" timestamp="2022-10-11T12:26:31 IST" skipped="0">
  <testcase classname="com.crm.Campaign.CreateCampaignTest" name="createCampaign" time="21.286"/>
  <system-out/>
</testsuite> <!-- com.crm.Campaign.CreateCampaignTest -->
