<?xml version="1.0" encoding="UTF-8"?>
<!-- Generated by org.testng.reporters.JUnitReportReporter -->
<testsuite hostname="LAPTOP-G1CNC1LI" failures="0" tests="1" name="com.crm.Product.CreateProduct" time="41.571" errors="0" timestamp="2022-10-06T10:10:52 IST" skipped="0">
  <testcase classname="com.crm.Product.CreateProduct" name="createProduct" time="41.571"/>
  <system-out/>
</testsuite> <!-- com.crm.Product.CreateProduct -->
