<?xml version="1.0" encoding="UTF-8"?>
<!-- Generated by org.testng.reporters.JUnitReportReporter -->
<testsuite hostname="LAPTOP-G1CNC1LI" failures="0" tests="1" name="com.crm.organization.CreateOrganization" time="18.933" errors="0" timestamp="2022-10-06T10:38:41 IST" skipped="0">
  <testcase classname="com.crm.organization.CreateOrganization" name="createOrganization" time="18.933"/>
  <system-out/>
</testsuite> <!-- com.crm.organization.CreateOrganization -->
