<?xml version="1.0" encoding="UTF-8"?>
<!-- Generated by org.testng.reporters.JUnitReportReporter -->
<testsuite hostname="LAPTOP-G1CNC1LI" failures="0" tests="3" name="practice.DataProvider_Product" time="56.618" errors="0" timestamp="2022-10-14T12:00:15 IST" skipped="0">
  <testcase classname="practice.DataProvider_Product" name="productDetails" time="16.846"/>
  <system-out/>
  <testcase classname="practice.DataProvider_Product" name="productDetails" time="22.779"/>
  <system-out/>
  <testcase classname="practice.DataProvider_Product" name="productDetails" time="16.993"/>
  <system-out/>
</testsuite> <!-- practice.DataProvider_Product -->
