<?xml version="1.0" encoding="UTF-8"?>
<!-- Generated by org.testng.reporters.JUnitReportReporter -->
<testsuite hostname="LAPTOP-G1CNC1LI" failures="0" tests="1" name="com.crm.Product.CreateAndDelete" time="21.427" errors="0" timestamp="2022-10-06T10:35:34 IST" skipped="0">
  <testcase classname="com.crm.Product.CreateAndDelete" name="createAndDelete" time="21.427"/>
  <system-out/>
</testsuite> <!-- com.crm.Product.CreateAndDelete -->
